#
# There is insufficient memory for the Java Runtime Environment to continue.
# Native memory allocation (malloc) failed to allocate 1102816 bytes for Chunk::new
# Possible reasons:
#   The system is out of physical RAM or swap space
#   The process is running with CompressedOops enabled, and the Java Heap may be blocking the growth of the native heap
# Possible solutions:
#   Reduce memory load on the system
#   Increase physical memory or swap space
#   Check if swap backing store is full
#   Decrease Java heap size (-Xmx/-Xms)
#   Decrease number of Java threads
#   Decrease Java thread stack sizes (-Xss)
#   Set larger code cache with -XX:ReservedCodeCacheSize=
#   JVM is running with Unscaled Compressed Oops mode in which the Java heap is
#     placed in the first 4GB address space. The Java Heap base address is the
#     maximum limit for the native heap growth. Please use -XX:HeapBaseMinAddress
#     to set the Java Heap base and to place the Java Heap above 4GB virtual address.
# This output file may be truncated or incomplete.
#
#  Out of Memory Error (allocation.cpp:389), pid=5588, tid=0x0000000000000b54
#
# JRE version: OpenJDK Runtime Environment (8.0_242-b01) (build 1.8.0_242-release-1644-b01)
# Java VM: OpenJDK 64-Bit Server VM (25.242-b01 mixed mode windows-amd64 compressed oops)
# Failed to write core dump. Minidumps are not enabled by default on client versions of Windows
#

---------------  T H R E A D  ---------------

Current thread (0x0000000019cbd800):  JavaThread "C2 CompilerThread2" daemon [_thread_in_native, id=2900, stack(0x000000001a790000,0x000000001a890000)]

Stack: [0x000000001a790000,0x000000001a890000]
[error occurred during error reporting (printing stack bounds), id 0xc0000005]

Native frames: (J=compiled Java code, j=interpreted, Vv=VM code, C=native code)


Current CompileTask:
C2:9201763 24207   !   4       java.io.ObjectOutputStream::writeObject0 (619 bytes)


---------------  P R O C E S S  ---------------

Java Threads: ( => current thread )
  0x00000000293da000 JavaThread "RMI TCP Connection(1)-127.0.0.1" daemon [_thread_in_native, id=8396, stack(0x000000002db10000,0x000000002dc10000)]
  0x00000000293dd800 JavaThread "RMI Reaper" [_thread_blocked, id=6816, stack(0x000000002da10000,0x000000002db10000)]
  0x00000000293d4000 JavaThread "RMI TCP Accept-0" daemon [_thread_in_native, id=8, stack(0x000000002d910000,0x000000002da10000)]
  0x00000000293d9000 JavaThread "GC Daemon" daemon [_thread_blocked, id=2164, stack(0x000000002d810000,0x000000002d910000)]
  0x00000000293d1800 JavaThread "RMI RenewClean-[127.0.0.1:17053,org.jetbrains.kotlin.daemon.common.LoopbackNetworkInterface$ClientLoopbackSocketFactory@5ba50202]" daemon [_thread_blocked, id=3948, stack(0x000000002d710000,0x000000002d810000)]
  0x00000000293d8800 JavaThread "RMI Scheduler(0)" daemon [_thread_blocked, id=7532, stack(0x000000002c480000,0x000000002c580000)]
  0x00000000293d6000 JavaThread "stdout" [_thread_in_native, id=1496, stack(0x000000002d410000,0x000000002d510000)]
  0x00000000293d0000 JavaThread "stderr" [_thread_in_native, id=1284, stack(0x000000002d0e0000,0x000000002d1e0000)]
  0x00000000293d7000 JavaThread "stdout" [_thread_in_native, id=3844, stack(0x000000002cfe0000,0x000000002d0e0000)]
  0x00000000293d4800 JavaThread "stderr" [_thread_in_native, id=1844, stack(0x000000002cee0000,0x000000002cfe0000)]
  0x00000000293d5800 JavaThread "stdout" [_thread_in_native, id=6992, stack(0x000000002d310000,0x000000002d410000)]
  0x00000000293cf800 JavaThread "stderr" [_thread_in_native, id=5272, stack(0x000000002d210000,0x000000002d310000)]
  0x000000001b044800 JavaThread "MarlinRenderer Disposer" daemon [_thread_blocked, id=9104, stack(0x000000002cbe0000,0x000000002cce0000)]
  0x000000001f249800 JavaThread "Java2D Disposer" daemon [_thread_blocked, id=2956, stack(0x000000002c880000,0x000000002c980000)]
  0x000000001f247000 JavaThread "WorkerExecutor Queue Thread 8" [_thread_blocked, id=10440, stack(0x000000002c580000,0x000000002c680000)]
  0x000000001f245000 JavaThread "WorkerExecutor Queue Thread 6" [_thread_blocked, id=5568, stack(0x000000002c380000,0x000000002c480000)]
  0x000000001f24a000 JavaThread "WorkerExecutor Queue Thread 5" [_thread_blocked, id=3512, stack(0x000000002c280000,0x000000002c380000)]
  0x000000001f248800 JavaThread "WorkerExecutor Queue Thread 4" [_thread_blocked, id=10860, stack(0x000000002c180000,0x000000002c280000)]
  0x000000001f245800 JavaThread "WorkerExecutor Queue Thread 3" [_thread_blocked, id=10716, stack(0x000000002bf40000,0x000000002c040000)]
  0x000000001f23d800 JavaThread "WorkerExecutor Queue Thread 2" [_thread_blocked, id=7576, stack(0x000000002be40000,0x000000002bf40000)]
  0x000000001f244000 JavaThread "WorkerExecutor Queue" [_thread_blocked, id=9168, stack(0x000000002bd40000,0x000000002be40000)]
  0x000000001f242000 JavaThread "stdout" [_thread_in_native, id=960, stack(0x000000002bc40000,0x000000002bd40000)]
  0x000000001f241000 JavaThread "stderr" [_thread_in_native, id=2968, stack(0x000000002bb40000,0x000000002bc40000)]
  0x000000001f23e000 JavaThread "stdout" [_thread_in_native, id=2556, stack(0x000000002ba40000,0x000000002bb40000)]
  0x000000001f23f800 JavaThread "stderr" [_thread_in_native, id=5496, stack(0x000000002b940000,0x000000002ba40000)]
  0x000000001f240800 JavaThread "stdout" [_thread_in_native, id=8028, stack(0x000000002b840000,0x000000002b940000)]
  0x000000001f23c800 JavaThread "stderr" [_thread_in_native, id=1116, stack(0x000000002b740000,0x000000002b840000)]
  0x000000001f23f000 JavaThread "stdout" [_thread_in_native, id=6092, stack(0x000000002b640000,0x000000002b740000)]
  0x000000001b043000 JavaThread "stderr" [_thread_in_native, id=1220, stack(0x000000002b540000,0x000000002b640000)]
  0x000000001b0f5800 JavaThread "pool-24-thread-1" [_thread_blocked, id=5548, stack(0x000000002b440000,0x000000002b540000)]
  0x000000001b0ee000 JavaThread "Cache worker for execution history cache (C:\Users\jakov\AndroidStudioProjects\Cloudy\.gradle\6.1.1\executionHistory)" [_thread_blocked, id=8308, stack(0x000000002b140000,0x000000002b240000)]
  0x000000001b0ed000 JavaThread "Execution worker for ':' Thread 7" [_thread_blocked, id=11104, stack(0x000000002ae40000,0x000000002af40000)]
  0x000000001b0e9800 JavaThread "Execution worker for ':' Thread 6" [_thread_blocked, id=7364, stack(0x000000002ad40000,0x000000002ae40000)]
  0x000000001b0e8800 JavaThread "Execution worker for ':' Thread 5" [_thread_blocked, id=1880, stack(0x000000002ac40000,0x000000002ad40000)]
  0x000000001be5e800 JavaThread "Execution worker for ':' Thread 4" [_thread_blocked, id=10836, stack(0x000000002ab40000,0x000000002ac40000)]
  0x000000001be5e000 JavaThread "Execution worker for ':' Thread 3" [_thread_in_native, id=5468, stack(0x000000002aa40000,0x000000002ab40000)]
  0x000000001be5c800 JavaThread "Execution worker for ':' Thread 2" [_thread_blocked, id=9200, stack(0x000000002a940000,0x000000002aa40000)]
  0x000000001be5b800 JavaThread "Execution worker for ':'" [_thread_blocked, id=6420, stack(0x000000002a840000,0x000000002a940000)]
  0x000000001be5d000 JavaThread "Cache worker for file content cache (C:\Users\jakov\AndroidStudioProjects\Cloudy\.gradle\6.1.1\fileContent)" [_thread_blocked, id=5564, stack(0x000000002a240000,0x000000002a340000)]
  0x000000001be54000 JavaThread "Cache worker for file content cache (C:\Users\jakov\.gradle\caches\6.1.1\fileContent)" [_thread_blocked, id=96, stack(0x0000000026710000,0x0000000026810000)]
  0x000000001be5a000 JavaThread "Cache worker for Build Output Cleanup Cache (C:\Users\jakov\AndroidStudioProjects\Cloudy\.gradle\buildOutputCleanup)" [_thread_blocked, id=10020, stack(0x0000000024520000,0x0000000024620000)]
  0x000000001be52800 JavaThread "Build operations Thread 8" [_thread_blocked, id=4424, stack(0x0000000024420000,0x0000000024520000)]
  0x000000001be59800 JavaThread "Build operations Thread 7" [_thread_blocked, id=3968, stack(0x0000000024320000,0x0000000024420000)]
  0x000000001be57800 JavaThread "Build operations Thread 6" [_thread_blocked, id=10624, stack(0x0000000024220000,0x0000000024320000)]
  0x000000001be58800 JavaThread "Build operations Thread 5" [_thread_blocked, id=7232, stack(0x0000000024120000,0x0000000024220000)]
  0x000000001be50000 JavaThread "Build operations Thread 4" [_thread_blocked, id=7396, stack(0x0000000024020000,0x0000000024120000)]
  0x000000001be51000 JavaThread "Build operations Thread 3" [_thread_blocked, id=660, stack(0x0000000023b20000,0x0000000023c20000)]
  0x000000001be57000 JavaThread "Build operations Thread 2" [_thread_blocked, id=9388, stack(0x0000000023820000,0x0000000023920000)]
  0x000000001be55800 JavaThread "Build operations" [_thread_blocked, id=1536, stack(0x00000000234f0000,0x00000000235f0000)]
  0x000000001be56000 JavaThread "Cache worker for cache directory md-rule (C:\Users\jakov\.gradle\caches\6.1.1\md-rule)" [_thread_blocked, id=8816, stack(0x0000000021520000,0x0000000021620000)]
  0x000000001be51800 JavaThread "Cache worker for cache directory md-supplier (C:\Users\jakov\.gradle\caches\6.1.1\md-supplier)" [_thread_blocked, id=5040, stack(0x000000001fb90000,0x000000001fc90000)]
  0x0000000022927800 JavaThread "Cache worker for file hash cache (C:\Users\jakov\AndroidStudioProjects\Cloudy\.gradle\6.1.1\fileHashes)" [_thread_blocked, id=1572, stack(0x000000001e5c0000,0x000000001e6c0000)]
  0x000000002292a800 JavaThread "Cache worker for checksums cache (C:\Users\jakov\AndroidStudioProjects\Cloudy\.gradle\checksums)" [_thread_blocked, id=9652, stack(0x000000001e4c0000,0x000000001e5c0000)]
  0x0000000022926000 JavaThread "Thread-266" [_thread_blocked, id=8596, stack(0x000000001e2c0000,0x000000001e3c0000)]
  0x000000002291e800 JavaThread "Stdin handler" [_thread_blocked, id=9164, stack(0x000000001e1c0000,0x000000001e2c0000)]
  0x0000000022925000 JavaThread "Asynchronous log dispatcher for DefaultDaemonConnection: socket connection from /127.0.0.1:53442 to /127.0.0.1:54083" [_thread_blocked, id=3592, stack(0x000000001e0c0000,0x000000001e1c0000)]
  0x0000000022920000 JavaThread "Daemon worker Thread 8" [_thread_blocked, id=10904, stack(0x000000001ddc0000,0x000000001dec0000)]
  0x000000002291d800 JavaThread "Cancel handler" [_thread_blocked, id=7268, stack(0x000000001dcc0000,0x000000001ddc0000)]
  0x0000000022923000 JavaThread "Handler for socket connection from /127.0.0.1:53442 to /127.0.0.1:54083" [_thread_in_native, id=7084, stack(0x00000000010e0000,0x00000000011e0000)]
  0x000000002291c000 JavaThread "Daemon Thread 8" [_thread_blocked, id=10780, stack(0x0000000000fe0000,0x00000000010e0000)]
  0x000000001b040000 JavaThread "Memory manager" [_thread_blocked, id=7336, stack(0x0000000024820000,0x0000000024920000)]
  0x000000001b041800 JavaThread "Cache worker for execution history cache (C:\Users\jakov\.gradle\caches\6.1.1\executionHistory)" [_thread_blocked, id=8412, stack(0x0000000021620000,0x0000000021720000)]
  0x000000001b042000 JavaThread "Cache worker for file hash cache (C:\Users\jakov\.gradle\caches\6.1.1\fileHashes)" [_thread_blocked, id=4188, stack(0x000000001eac0000,0x000000001ebc0000)]
  0x000000001b040800 JavaThread "File lock request listener" [_thread_in_native, id=1576, stack(0x000000001e9c0000,0x000000001eac0000)]
  0x000000001c7ee800 JavaThread "Cache worker for journal cache (C:\Users\jakov\.gradle\caches\journal-1)" [_thread_blocked, id=3632, stack(0x000000001e8c0000,0x000000001e9c0000)]
  0x000000001af20000 JavaThread "Daemon periodic checks" [_thread_blocked, id=1048, stack(0x000000001dbc0000,0x000000001dcc0000)]
  0x000000001af1d000 JavaThread "Incoming local TCP Connector on port 53442" [_thread_in_native, id=9776, stack(0x000000001d970000,0x000000001da70000)]
  0x0000000019db5800 JavaThread "Daemon health stats" [_thread_blocked, id=9760, stack(0x000000001d330000,0x000000001d430000)]
  0x0000000019d4f800 JavaThread "Service Thread" daemon [_thread_blocked, id=4060, stack(0x000000001a990000,0x000000001aa90000)]
  0x0000000019cc5800 JavaThread "C1 CompilerThread3" daemon [_thread_blocked, id=9736, stack(0x000000001a890000,0x000000001a990000)]
=>0x0000000019cbd800 JavaThread "C2 CompilerThread2" daemon [_thread_in_native, id=2900, stack(0x000000001a790000,0x000000001a890000)]
  0x0000000019cb9000 JavaThread "C2 CompilerThread1" daemon [_thread_blocked, id=3616, stack(0x000000001a690000,0x000000001a790000)]
  0x0000000019cb1800 JavaThread "C2 CompilerThread0" daemon [_thread_in_native, id=872, stack(0x000000001a590000,0x000000001a690000)]
  0x0000000019cb0800 JavaThread "Attach Listener" daemon [_thread_blocked, id=5212, stack(0x000000001a490000,0x000000001a590000)]
  0x0000000019caf800 JavaThread "Signal Dispatcher" daemon [_thread_blocked, id=11228, stack(0x000000001a390000,0x000000001a490000)]
  0x0000000002e3e000 JavaThread "Finalizer" daemon [_thread_blocked, id=4340, stack(0x000000001a180000,0x000000001a280000)]
  0x0000000019ca0800 JavaThread "Reference Handler" daemon [_thread_blocked, id=10528, stack(0x000000001a080000,0x000000001a180000)]
  0x00000000013fe800 JavaThread "main" [_thread_blocked, id=10032, stack(0x0000000002c40000,0x0000000002d40000)]

Other Threads:
  0x0000000017ea7000 VMThread [stack: 0x0000000019b80000,0x0000000019c80000] [id=10532]
  0x0000000019d50800 WatcherThread [stack: 0x000000001aa90000,0x000000001ab90000] [id=8520]

VM state:not at safepoint (normal execution)

VM Mutex/Monitor currently owned by a thread: None

heap address: 0x0000000080000000, size: 2048 MB, Compressed Oops mode: 32-bit
Narrow klass base: 0x0000000000000000, Narrow klass shift: 3
Compressed class space size: 1073741824 Address: 0x0000000100000000

Heap:
 PSYoungGen      total 647680K, used 8203K [0x00000000d5580000, 0x00000000fff00000, 0x0000000100000000)
  eden space 598528K, 1% used [0x00000000d5580000,0x00000000d5d82de0,0x00000000f9e00000)
  from space 49152K, 0% used [0x00000000fcf00000,0x00000000fcf00000,0x00000000fff00000)
  to   space 49664K, 0% used [0x00000000f9e00000,0x00000000f9e00000,0x00000000fce80000)
 ParOldGen       total 199168K, used 61113K [0x0000000080000000, 0x000000008c280000, 0x00000000d5580000)
  object space 199168K, 30% used [0x0000000080000000,0x0000000083bae6b0,0x000000008c280000)
 Metaspace       used 104278K, capacity 109490K, committed 114072K, reserved 1148928K
  class space    used 12985K, capacity 13913K, committed 15024K, reserved 1048576K

Card table byte_map: [0x0000000012200000,0x0000000012610000] byte_map_base: 0x0000000011e00000

Marking Bits: (ParMarkBitMap*) 0x000000006c7cf030
 Begin Bits: [0x00000000130c0000, 0x00000000150c0000)
 End Bits:   [0x00000000150c0000, 0x00000000170c0000)

Polling page: 0x0000000000e00000

CodeCache: size=245760Kb used=69753Kb max_used=69863Kb free=176006Kb
 bounds [0x0000000002e40000, 0x00000000072d0000, 0x0000000011e40000]
 total_blobs=20103 nmethods=19061 adapters=953
 compilation: enabled

Compilation events (10 events):
Event: 9201.597 Thread 0x0000000019cc5800 nmethod 24220 0x0000000006356550 code [0x0000000006356900, 0x0000000006358f68]
Event: 9201.602 Thread 0x0000000019cc5800 24225       3       java.lang.Class::privateGetDeclaredMethods (67 bytes)
Event: 9201.603 Thread 0x0000000019cc5800 nmethod 24225 0x00000000072c6210 code [0x00000000072c6400, 0x00000000072c6d28]
Event: 9201.610 Thread 0x0000000019cc5800 24227       3       java.io.ObjectStreamClass::isProxy (9 bytes)
Event: 9201.611 Thread 0x0000000019cc5800 nmethod 24227 0x0000000005a23990 code [0x0000000005a23b00, 0x0000000005a23dc8]
Event: 9201.642 Thread 0x0000000019cb9000 nmethod 24224 0x0000000006354b50 code [0x0000000006354d40, 0x00000000063559f8]
Event: 9201.642 Thread 0x0000000019cb9000 24226       4       java.io.ObjectOutputStream::writeClassDesc (60 bytes)
Event: 9201.660 Thread 0x0000000019cc5800 24228       1       java.util.logging.LogRecord::getMessage (5 bytes)
Event: 9201.661 Thread 0x0000000019cc5800 nmethod 24228 0x0000000005a00c50 code [0x0000000005a00da0, 0x0000000005a00eb0]
Event: 9201.673 Thread 0x0000000019cb9000 nmethod 24226 0x0000000006352990 code [0x0000000006352be0, 0x0000000006353758]

GC Heap History (10 events):
Event: 9186.982 GC heap before
{Heap before GC invocations=39 (full 4):
 PSYoungGen      total 638464K, used 611751K [0x00000000d5580000, 0x00000000ffa00000, 0x0000000100000000)
  eden space 590336K, 100% used [0x00000000d5580000,0x00000000f9600000,0x00000000f9600000)
  from space 48128K, 44% used [0x00000000fcb00000,0x00000000fdfe9fe8,0x00000000ffa00000)
  to   space 51200K, 0% used [0x00000000f9600000,0x00000000f9600000,0x00000000fc800000)
 ParOldGen       total 199168K, used 78272K [0x0000000080000000, 0x000000008c280000, 0x00000000d5580000)
  object space 199168K, 39% used [0x0000000080000000,0x0000000084c702f8,0x000000008c280000)
 Metaspace       used 99563K, capacity 106844K, committed 107032K, reserved 1142784K
  class space    used 12677K, capacity 14103K, committed 14128K, reserved 1048576K
Event: 9187.002 GC heap after
Heap after GC invocations=39 (full 4):
 PSYoungGen      total 641536K, used 13701K [0x00000000d5580000, 0x0000000100000000, 0x0000000100000000)
  eden space 590336K, 0% used [0x00000000d5580000,0x00000000d5580000,0x00000000f9600000)
  from space 51200K, 26% used [0x00000000f9600000,0x00000000fa3617d0,0x00000000fc800000)
  to   space 49664K, 0% used [0x00000000fcf80000,0x00000000fcf80000,0x0000000100000000)
 ParOldGen       total 199168K, used 78947K [0x0000000080000000, 0x000000008c280000, 0x00000000d5580000)
  object space 199168K, 39% used [0x0000000080000000,0x0000000084d18d78,0x000000008c280000)
 Metaspace       used 99563K, capacity 106844K, committed 107032K, reserved 1142784K
  class space    used 12677K, capacity 14103K, committed 14128K, reserved 1048576K
}
Event: 9189.921 GC heap before
{Heap before GC invocations=40 (full 4):
 PSYoungGen      total 641536K, used 604037K [0x00000000d5580000, 0x0000000100000000, 0x0000000100000000)
  eden space 590336K, 100% used [0x00000000d5580000,0x00000000f9600000,0x00000000f9600000)
  from space 51200K, 26% used [0x00000000f9600000,0x00000000fa3617d0,0x00000000fc800000)
  to   space 49664K, 0% used [0x00000000fcf80000,0x00000000fcf80000,0x0000000100000000)
 ParOldGen       total 199168K, used 78947K [0x0000000080000000, 0x000000008c280000, 0x00000000d5580000)
  object space 199168K, 39% used [0x0000000080000000,0x0000000084d18d78,0x000000008c280000)
 Metaspace       used 100462K, capacity 107754K, committed 107928K, reserved 1142784K
  class space    used 12772K, capacity 14180K, committed 14256K, reserved 1048576K
Event: 9189.971 GC heap after
Heap after GC invocations=40 (full 4):
 PSYoungGen      total 647168K, used 31378K [0x00000000d5580000, 0x0000000100000000, 0x0000000100000000)
  eden space 597504K, 0% used [0x00000000d5580000,0x00000000d5580000,0x00000000f9d00000)
  from space 49664K, 63% used [0x00000000fcf80000,0x00000000fee24a40,0x0000000100000000)
  to   space 50688K, 0% used [0x00000000f9d00000,0x00000000f9d00000,0x00000000fce80000)
 ParOldGen       total 199168K, used 81400K [0x0000000080000000, 0x000000008c280000, 0x00000000d5580000)
  object space 199168K, 40% used [0x0000000080000000,0x0000000084f7e0a8,0x000000008c280000)
 Metaspace       used 100462K, capacity 107754K, committed 107928K, reserved 1142784K
  class space    used 12772K, capacity 14180K, committed 14256K, reserved 1048576K
}
Event: 9192.992 GC heap before
{Heap before GC invocations=41 (full 4):
 PSYoungGen      total 647168K, used 628882K [0x00000000d5580000, 0x0000000100000000, 0x0000000100000000)
  eden space 597504K, 100% used [0x00000000d5580000,0x00000000f9d00000,0x00000000f9d00000)
  from space 49664K, 63% used [0x00000000fcf80000,0x00000000fee24a40,0x0000000100000000)
  to   space 50688K, 0% used [0x00000000f9d00000,0x00000000f9d00000,0x00000000fce80000)
 ParOldGen       total 199168K, used 81400K [0x0000000080000000, 0x000000008c280000, 0x00000000d5580000)
  object space 199168K, 40% used [0x0000000080000000,0x0000000084f7e0a8,0x000000008c280000)
 Metaspace       used 103736K, capacity 111166K, committed 111384K, reserved 1146880K
  class space    used 13112K, capacity 14584K, committed 14640K, reserved 1048576K
Event: 9193.013 GC heap after
Heap after GC invocations=41 (full 4):
 PSYoungGen      total 648192K, used 8887K [0x00000000d5580000, 0x0000000100000000, 0x0000000100000000)
  eden space 597504K, 0% used [0x00000000d5580000,0x00000000d5580000,0x00000000f9d00000)
  from space 50688K, 17% used [0x00000000f9d00000,0x00000000fa5adcc0,0x00000000fce80000)
  to   space 50176K, 0% used [0x00000000fcf00000,0x00000000fcf00000,0x0000000100000000)
 ParOldGen       total 199168K, used 83391K [0x0000000080000000, 0x000000008c280000, 0x00000000d5580000)
  object space 199168K, 41% used [0x0000000080000000,0x000000008516fed8,0x000000008c280000)
 Metaspace       used 103736K, capacity 111166K, committed 111384K, reserved 1146880K
  class space    used 13112K, capacity 14584K, committed 14640K, reserved 1048576K
}
Event: 9200.809 GC heap before
{Heap before GC invocations=42 (full 4):
 PSYoungGen      total 648192K, used 489414K [0x00000000d5580000, 0x0000000100000000, 0x0000000100000000)
  eden space 597504K, 80% used [0x00000000d5580000,0x00000000f2ac3d90,0x00000000f9d00000)
  from space 50688K, 17% used [0x00000000f9d00000,0x00000000fa5adcc0,0x00000000fce80000)
  to   space 50176K, 0% used [0x00000000fcf00000,0x00000000fcf00000,0x0000000100000000)
 ParOldGen       total 199168K, used 83391K [0x0000000080000000, 0x000000008c280000, 0x00000000d5580000)
  object space 199168K, 41% used [0x0000000080000000,0x000000008516fed8,0x000000008c280000)
 Metaspace       used 106242K, capacity 113844K, committed 114072K, reserved 1148928K
  class space    used 13455K, capacity 14901K, committed 15024K, reserved 1048576K
Event: 9200.826 GC heap after
Heap after GC invocations=42 (full 4):
 PSYoungGen      total 647680K, used 5291K [0x00000000d5580000, 0x00000000fff00000, 0x0000000100000000)
  eden space 598528K, 0% used [0x00000000d5580000,0x00000000d5580000,0x00000000f9e00000)
  from space 49152K, 10% used [0x00000000fcf00000,0x00000000fd42aee8,0x00000000fff00000)
  to   space 49664K, 0% used [0x00000000f9e00000,0x00000000f9e00000,0x00000000fce80000)
 ParOldGen       total 199168K, used 87161K [0x0000000080000000, 0x000000008c280000, 0x00000000d5580000)
  object space 199168K, 43% used [0x0000000080000000,0x000000008551e578,0x000000008c280000)
 Metaspace       used 106242K, capacity 113844K, committed 114072K, reserved 1148928K
  class space    used 13455K, capacity 14901K, committed 15024K, reserved 1048576K
}
Event: 9200.826 GC heap before
{Heap before GC invocations=43 (full 5):
 PSYoungGen      total 647680K, used 5291K [0x00000000d5580000, 0x00000000fff00000, 0x0000000100000000)
  eden space 598528K, 0% used [0x00000000d5580000,0x00000000d5580000,0x00000000f9e00000)
  from space 49152K, 10% used [0x00000000fcf00000,0x00000000fd42aee8,0x00000000fff00000)
  to   space 49664K, 0% used [0x00000000f9e00000,0x00000000f9e00000,0x00000000fce80000)
 ParOldGen       total 199168K, used 87161K [0x0000000080000000, 0x000000008c280000, 0x00000000d5580000)
  object space 199168K, 43% used [0x0000000080000000,0x000000008551e578,0x000000008c280000)
 Metaspace       used 106242K, capacity 113844K, committed 114072K, reserved 1148928K
  class space    used 13455K, capacity 14901K, committed 15024K, reserved 1048576K
Event: 9201.429 GC heap after
Heap after GC invocations=43 (full 5):
 PSYoungGen      total 647680K, used 0K [0x00000000d5580000, 0x00000000fff00000, 0x0000000100000000)
  eden space 598528K, 0% used [0x00000000d5580000,0x00000000d5580000,0x00000000f9e00000)
  from space 49152K, 0% used [0x00000000fcf00000,0x00000000fcf00000,0x00000000fff00000)
  to   space 49664K, 0% used [0x00000000f9e00000,0x00000000f9e00000,0x00000000fce80000)
 ParOldGen       total 199168K, used 61113K [0x0000000080000000, 0x000000008c280000, 0x00000000d5580000)
  object space 199168K, 30% used [0x0000000080000000,0x0000000083bae6b0,0x000000008c280000)
 Metaspace       used 103967K, capacity 109090K, committed 114072K, reserved 1148928K
  class space    used 12932K, capacity 13823K, committed 15024K, reserved 1048576K
}

Deoptimization events (10 events):
Event: 9201.439 Thread 0x000000001be5e000 Uncommon trap: reason=unstable_if action=reinterpret pc=0x0000000003bb0ab0 method=java.lang.ref.SoftReference.get()Ljava/lang/Object; @ 6
Event: 9201.439 Thread 0x000000001be5e000 Uncommon trap: reason=class_check action=maybe_recompile pc=0x00000000031bff64 method=java.util.concurrent.ConcurrentHashMap.replaceNode(Ljava/lang/Object;Ljava/lang/Object;Ljava/lang/Object;)Ljava/lang/Object; @ 147
Event: 9201.439 Thread 0x000000001be5e000 Uncommon trap: reason=unstable_if action=reinterpret pc=0x0000000003eb0538 method=java.lang.ref.SoftReference.get()Ljava/lang/Object; @ 6
Event: 9201.448 Thread 0x000000001be5e000 Uncommon trap: reason=bimorphic action=maybe_recompile pc=0x0000000007109e74 method=java.io.ObjectInputStream.readNonProxyDesc(Z)Ljava/io/ObjectStreamClass; @ 56
Event: 9201.449 Thread 0x000000001be5e000 Uncommon trap: reason=unstable_if action=reinterpret pc=0x00000000068d1c5c method=java.io.ObjectInputStream.filterCheck(Ljava/lang/Class;I)V @ 4
Event: 9201.454 Thread 0x000000001be5e000 Uncommon trap: reason=unstable_if action=reinterpret pc=0x00000000065a53d0 method=java.util.concurrent.ScheduledThreadPoolExecutor$DelayedWorkQueue.offer(Ljava/lang/Runnable;)Z @ 56
Event: 9201.570 Thread 0x000000001be5e000 Uncommon trap: reason=unstable_if action=reinterpret pc=0x0000000003645d34 method=java.lang.ref.SoftReference.get()Ljava/lang/Object; @ 6
Event: 9201.570 Thread 0x000000001be5e000 Uncommon trap: reason=class_check action=maybe_recompile pc=0x00000000031bff64 method=java.util.concurrent.ConcurrentHashMap.replaceNode(Ljava/lang/Object;Ljava/lang/Object;Ljava/lang/Object;)Ljava/lang/Object; @ 147
Event: 9201.651 Thread 0x00000000293da000 Uncommon trap: reason=class_check action=maybe_recompile pc=0x00000000031399ac method=java.lang.ThreadLocal.set(Ljava/lang/Object;)V @ 26
Event: 9201.660 Thread 0x00000000293da000 Uncommon trap: reason=unstable_if action=reinterpret pc=0x000000000577c470 method=java.io.ObjectInputStream.filterCheck(Ljava/lang/Class;I)V @ 4

Classes redefined (0 events):
No events

Internal exceptions (10 events):
Event: 9201.439 Thread 0x000000001be5e000 Implicit null exception at 0x0000000003baf3ff to 0x0000000003bb0a95
Event: 9201.439 Thread 0x000000001be5e000 Implicit null exception at 0x0000000003eaff7c to 0x0000000003eb0511
Event: 9201.439 Thread 0x000000001be5e000 Exception <a 'java/lang/NoSuchMethodError': <clinit>> (0x00000000d55b7cb0) thrown at [C:\src\AOSP-openjdk-git\hotspot\src\share\vm\prims\jni.cpp, line 1615]
Event: 9201.455 Thread 0x00000000293d1800 Exception <a 'java/lang/InterruptedException'> (0x00000000d5917a78) thrown at [C:\src\AOSP-openjdk-git\hotspot\src\share\vm\runtime\objectMonitor.cpp, line 1680]
Event: 9201.490 Thread 0x000000001be5e000 Exception <a 'java/lang/NoSuchMethodError': <clinit>> (0x00000000d5609ac0) thrown at [C:\src\AOSP-openjdk-git\hotspot\src\share\vm\prims\jni.cpp, line 1615]
Event: 9201.491 Thread 0x000000001be5e000 Exception <a 'java/lang/NoSuchMethodError': <clinit>> (0x00000000d56179c0) thrown at [C:\src\AOSP-openjdk-git\hotspot\src\share\vm\prims\jni.cpp, line 1615]
Event: 9201.493 Thread 0x000000001be5e000 Exception <a 'java/lang/NoSuchMethodError': <clinit>> (0x00000000d562abb8) thrown at [C:\src\AOSP-openjdk-git\hotspot\src\share\vm\prims\jni.cpp, line 1615]
Event: 9201.507 Thread 0x000000001be5e000 Exception <a 'java/lang/NoSuchMethodError': <clinit>> (0x00000000d565f820) thrown at [C:\src\AOSP-openjdk-git\hotspot\src\share\vm\prims\jni.cpp, line 1615]
Event: 9201.570 Thread 0x000000001be5e000 Exception <a 'java/lang/NoSuchMethodError': <clinit>> (0x00000000d57b70f0) thrown at [C:\src\AOSP-openjdk-git\hotspot\src\share\vm\prims\jni.cpp, line 1615]
Event: 9201.577 Thread 0x000000001be5e000 Exception <a 'java/lang/NoSuchMethodError': <clinit>> (0x00000000d5863a20) thrown at [C:\src\AOSP-openjdk-git\hotspot\src\share\vm\prims\jni.cpp, line 1615]

Events (10 events):
Event: 9201.661 loading class sun/rmi/transport/DGCImpl$LeaseInfo done
Event: 9201.661 loading class sun/rmi/transport/DGCImpl$1
Event: 9201.661 loading class sun/rmi/transport/DGCImpl$1 done
Event: 9201.661 loading class sun/rmi/transport/SequenceEntry
Event: 9201.661 loading class sun/rmi/transport/SequenceEntry done
Event: 9201.664 Thread 0x0000000019cc5800 flushing nmethod 0x00000000031787d0
Event: 9201.674 Thread 0x0000000019cb9000 flushing nmethod 0x00000000032c4050
Event: 9201.674 Thread 0x0000000019cb9000 flushing nmethod 0x00000000032f5190
Event: 9201.674 Thread 0x0000000019cb9000 flushing nmethod 0x000000000330a350
Event: 9201.676 Thread 0x0000000019cb9000 flushing nmethod 0x0000000003452110


Dynamic libraries:
0x00007ff6416e0000 - 0x00007ff641711000 	C:\Program Files\Android\Android Studio\jre\bin\java.exe
0x00007ffec2640000 - 0x00007ffec2830000 	C:\WINDOWS\SYSTEM32\ntdll.dll
0x00007ffec0e80000 - 0x00007ffec0f32000 	C:\WINDOWS\System32\KERNEL32.DLL
0x00007ffebf790000 - 0x00007ffebfa34000 	C:\WINDOWS\System32\KERNELBASE.dll
0x00007ffec1cb0000 - 0x00007ffec1d53000 	C:\WINDOWS\System32\ADVAPI32.dll
0x00007ffec1a70000 - 0x00007ffec1b0e000 	C:\WINDOWS\System32\msvcrt.dll
0x00007ffec19d0000 - 0x00007ffec1a67000 	C:\WINDOWS\System32\sechost.dll
0x00007ffec2390000 - 0x00007ffec24b0000 	C:\WINDOWS\System32\RPCRT4.dll
0x00007ffec0c60000 - 0x00007ffec0df4000 	C:\WINDOWS\System32\USER32.dll
0x00007ffec03d0000 - 0x00007ffec03f1000 	C:\WINDOWS\System32\win32u.dll
0x00007ffec1140000 - 0x00007ffec1166000 	C:\WINDOWS\System32\GDI32.dll
0x00007ffebf5f0000 - 0x00007ffebf785000 	C:\WINDOWS\System32\gdi32full.dll
0x00007ffec0400000 - 0x00007ffec049e000 	C:\WINDOWS\System32\msvcp_win.dll
0x00007ffec01c0000 - 0x00007ffec02ba000 	C:\WINDOWS\System32\ucrtbase.dll
0x00007ffeb68b0000 - 0x00007ffeb6b34000 	C:\WINDOWS\WinSxS\amd64_microsoft.windows.common-controls_6595b64144ccf1df_6.0.18362.900_none_e6beb9d913147d17\COMCTL32.dll
0x00007ffec08a0000 - 0x00007ffec0bd5000 	C:\WINDOWS\System32\combase.dll
0x00007ffec0670000 - 0x00007ffec06f0000 	C:\WINDOWS\System32\bcryptPrimitives.dll
0x00007ffec1230000 - 0x00007ffec125e000 	C:\WINDOWS\System32\IMM32.DLL
0x000000006bf20000 - 0x000000006bff2000 	C:\Program Files\Android\Android Studio\jre\jre\bin\msvcr100.dll
0x000000006c000000 - 0x000000006c84b000 	C:\Program Files\Android\Android Studio\jre\jre\bin\server\jvm.dll
0x00007ffec19c0000 - 0x00007ffec19c8000 	C:\WINDOWS\System32\PSAPI.DLL
0x00007ffeb5e00000 - 0x00007ffeb5e09000 	C:\WINDOWS\SYSTEM32\WSOCK32.dll
0x00007ffeb8d00000 - 0x00007ffeb8d0a000 	C:\WINDOWS\SYSTEM32\VERSION.dll
0x00007ffebd020000 - 0x00007ffebd044000 	C:\WINDOWS\SYSTEM32\WINMM.dll
0x00007ffec1c40000 - 0x00007ffec1caf000 	C:\WINDOWS\System32\WS2_32.dll
0x00007ffebcff0000 - 0x00007ffebd01d000 	C:\WINDOWS\SYSTEM32\winmmbase.dll
0x00007ffec04a0000 - 0x00007ffec04ea000 	C:\WINDOWS\System32\cfgmgr32.dll
0x00007ffeb54b0000 - 0x00007ffeb54bf000 	C:\Program Files\Android\Android Studio\jre\jre\bin\verify.dll
0x00007ffea9dc0000 - 0x00007ffea9de9000 	C:\Program Files\Android\Android Studio\jre\jre\bin\java.dll
0x00007ffeb1690000 - 0x00007ffeb16a6000 	C:\Program Files\Android\Android Studio\jre\jre\bin\zip.dll
0x00007ffec12d0000 - 0x00007ffec19b6000 	C:\WINDOWS\System32\SHELL32.dll
0x00007ffec1090000 - 0x00007ffec1139000 	C:\WINDOWS\System32\shcore.dll
0x00007ffebfa40000 - 0x00007ffec01c0000 	C:\WINDOWS\System32\windows.storage.dll
0x00007ffebf5a0000 - 0x00007ffebf5c3000 	C:\WINDOWS\System32\profapi.dll
0x00007ffebf530000 - 0x00007ffebf57a000 	C:\WINDOWS\System32\powrprof.dll
0x00007ffebf500000 - 0x00007ffebf510000 	C:\WINDOWS\System32\UMPDC.dll
0x00007ffec1be0000 - 0x00007ffec1c32000 	C:\WINDOWS\System32\shlwapi.dll
0x00007ffebf510000 - 0x00007ffebf521000 	C:\WINDOWS\System32\kernel.appcore.dll
0x00007ffebf5d0000 - 0x00007ffebf5e7000 	C:\WINDOWS\System32\cryptsp.dll
0x00007ffea8fa0000 - 0x00007ffea8fba000 	C:\Program Files\Android\Android Studio\jre\jre\bin\net.dll
0x00007ffebed10000 - 0x00007ffebed77000 	C:\WINDOWS\system32\mswsock.dll
0x00007ffea8f80000 - 0x00007ffea8f93000 	C:\Program Files\Android\Android Studio\jre\jre\bin\nio.dll
0x00007ffe9a950000 - 0x00007ffe9a976000 	C:\Users\jakov\.gradle\native\31\windows-amd64\native-platform.dll
0x00007ffeb54a0000 - 0x00007ffeb54ad000 	C:\Program Files\Android\Android Studio\jre\jre\bin\management.dll
0x00007ffebe880000 - 0x00007ffebe8b3000 	C:\WINDOWS\system32\rsaenh.dll
0x00007ffec04f0000 - 0x00007ffec0516000 	C:\WINDOWS\System32\bcrypt.dll
0x00007ffebf420000 - 0x00007ffebf445000 	C:\WINDOWS\SYSTEM32\USERENV.dll
0x00007ffebeee0000 - 0x00007ffebeeec000 	C:\WINDOWS\SYSTEM32\CRYPTBASE.dll
0x00007ffebea20000 - 0x00007ffebea5a000 	C:\WINDOWS\SYSTEM32\IPHLPAPI.DLL
0x00007ffec24b0000 - 0x00007ffec24b8000 	C:\WINDOWS\System32\NSI.dll
0x00007ffeb7600000 - 0x00007ffeb7616000 	C:\WINDOWS\SYSTEM32\dhcpcsvc6.DLL
0x00007ffeb75e0000 - 0x00007ffeb75fc000 	C:\WINDOWS\SYSTEM32\dhcpcsvc.DLL
0x00007ffebea60000 - 0x00007ffebeb2b000 	C:\WINDOWS\SYSTEM32\DNSAPI.dll
0x00007ffe9d420000 - 0x00007ffe9d444000 	C:\Program Files\Android\Android Studio\jre\jre\bin\sunec.dll
0x00007ffeb67a0000 - 0x00007ffeb67aa000 	C:\Windows\System32\rasadhlp.dll
0x00007ffeb73e0000 - 0x00007ffeb7457000 	C:\WINDOWS\System32\fwpuclnt.dll
0x00007ffeb1cc0000 - 0x00007ffeb1ccb000 	C:\Program Files\Android\Android Studio\jre\jre\bin\sunmscapi.dll
0x00007ffec0520000 - 0x00007ffec0669000 	C:\WINDOWS\System32\CRYPT32.dll
0x00007ffebf580000 - 0x00007ffebf592000 	C:\WINDOWS\System32\MSASN1.dll
0x00007ffebe560000 - 0x00007ffebe591000 	C:\WINDOWS\SYSTEM32\ntmarta.dll
0x00007ffebd770000 - 0x00007ffebd7ff000 	C:\WINDOWS\system32\apphelp.dll
0x00007ffe94fc0000 - 0x00007ffe9515c000 	C:\Program Files\Android\Android Studio\jre\jre\bin\awt.dll
0x00007ffec0fc0000 - 0x00007ffec1085000 	C:\WINDOWS\System32\OLEAUT32.dll
0x00007ffebdca0000 - 0x00007ffebdccd000 	C:\WINDOWS\SYSTEM32\dwmapi.dll
0x00007ffebc180000 - 0x00007ffebc740000 	C:\WINDOWS\SYSTEM32\d2d1.dll
0x00007ffebd870000 - 0x00007ffebd909000 	C:\WINDOWS\system32\uxtheme.dll
0x00007ffeb6330000 - 0x00007ffeb634e000 	C:\Users\jakov\AppData\Local\Temp\native-platform9163150074043437679dir\native-platform.dll

VM Arguments:
jvm_args: -Xmx2048m -Dfile.encoding=windows-1251 -Duser.country=RU -Duser.language=ru -Duser.variant 
java_command: org.gradle.launcher.daemon.bootstrap.GradleDaemon 6.1.1
java_class_path (initial): C:\Users\jakov\.gradle\wrapper\dists\gradle-6.1.1-all\cfmwm155h49vnt3hynmlrsdst\gradle-6.1.1\lib\gradle-launcher-6.1.1.jar
Launcher Type: SUN_STANDARD

Environment Variables:
PATH=C:\Program Files (x86)\Common Files\Oracle\Java\javapath;C:\ProgramData\Oracle\Java\javapath;C:\WINDOWS\system32;C:\WINDOWS;C:\WINDOWS\System32\Wbem;C:\WINDOWS\System32\WindowsPowerShell\v1.0\;C:\WINDOWS\System32\OpenSSH\;C:\Program Files\Common Files\Autodesk Shared\;C:\Program Files\Microsoft SQL Server\120\Tools\Binn\;C:\Go\bin;C:\Program Files\Git\cmd;%QUARTUS_ROOTDIR%\bin;C:\Program Files\nodejs\;C:\sqlite;C:\cygwin64\bin;C:\Users\jakov\AppData\Local\Microsoft\WindowsApps;C:\Program Files\JetBrains\IntelliJ IDEA Community Edition 2019.2.1\bin;C:\Users\jakov\go\bin;C:\Program Files\JetBrains\GoLand 2019.2.3\bin;C:\Users\jakov\AppData\Roaming\npm;C:\Users\jakov\AppData\Local\atom\bin;C:\Users\jakov\AppData\Local\Programs\Microsoft VS Code\bin
USERNAME=jakov
OS=Windows_NT
PROCESSOR_IDENTIFIER=AMD64 Family 23 Model 24 Stepping 1, AuthenticAMD



---------------  S Y S T E M  ---------------

OS: Windows 10.0 , 64 bit Build 18362 (10.0.18362.900)

CPU:total 8 (initial active 8) (8 cores per cpu, 1 threads per core) family 23 model 24 stepping 1, cmov, cx8, fxsr, mmx, sse, sse2, sse3, ssse3, sse4.1, sse4.2, popcnt, avx, avx2, aes, clmul, mmxext, 3dnowpref, lzcnt, sse4a, tsc, tscinvbit, tscinv, bmi1

Memory: 4k page, physical 7277084k(1028308k free), swap 9374236k(5536k free)

vm_info: OpenJDK 64-Bit Server VM (25.242-b01) for windows-amd64 JRE (1.8.0_242-release-1644-b01), built by "builder" with MS VC++ 10.0 (VS2010)

time: Mon Jun 22 02:00:12 2020
timezone: RTZ 2 (зима)
elapsed time: 9201 seconds (0d 2h 33m 21s)

