#
# There is insufficient memory for the Java Runtime Environment to continue.
# Native memory allocation (malloc) failed to allocate 1173776 bytes for Chunk::new
# Possible reasons:
#   The system is out of physical RAM or swap space
#   The process is running with CompressedOops enabled, and the Java Heap may be blocking the growth of the native heap
# Possible solutions:
#   Reduce memory load on the system
#   Increase physical memory or swap space
#   Check if swap backing store is full
#   Decrease Java heap size (-Xmx/-Xms)
#   Decrease number of Java threads
#   Decrease Java thread stack sizes (-Xss)
#   Set larger code cache with -XX:ReservedCodeCacheSize=
#   JVM is running with Unscaled Compressed Oops mode in which the Java heap is
#     placed in the first 4GB address space. The Java Heap base address is the
#     maximum limit for the native heap growth. Please use -XX:HeapBaseMinAddress
#     to set the Java Heap base and to place the Java Heap above 4GB virtual address.
# This output file may be truncated or incomplete.
#
#  Out of Memory Error (allocation.cpp:389), pid=5908, tid=0x00000000000028f0
#
# JRE version: OpenJDK Runtime Environment (8.0_242-b01) (build 1.8.0_242-release-1644-b01)
# Java VM: OpenJDK 64-Bit Server VM (25.242-b01 mixed mode windows-amd64 compressed oops)
# Failed to write core dump. Minidumps are not enabled by default on client versions of Windows
#

---------------  T H R E A D  ---------------

Current thread (0x00000000194f3800):  JavaThread "C2 CompilerThread2" daemon [_thread_in_native, id=10480, stack(0x0000000019fc0000,0x000000001a0c0000)]

Stack: [0x0000000019fc0000,0x000000001a0c0000]
[error occurred during error reporting (printing stack bounds), id 0xc0000005]

Native frames: (J=compiled Java code, j=interpreted, Vv=VM code, C=native code)


Current CompileTask:
C2:  62046 17929 %     4       com.android.tools.r8.dex.n::a @ 330 (1022 bytes)


---------------  P R O C E S S  ---------------

Java Threads: ( => current thread )
  0x00000000302bd000 JavaThread "ForkJoinPool.commonPool-worker-5" daemon [_thread_blocked, id=8308, stack(0x00000000319a0000,0x0000000031aa0000)]
  0x00000000302c0800 JavaThread "ForkJoinPool.commonPool-worker-4" daemon [_thread_blocked, id=7232, stack(0x00000000318a0000,0x00000000319a0000)]
  0x00000000302c0000 JavaThread "ForkJoinPool.commonPool-worker-3" daemon [_thread_blocked, id=7576, stack(0x00000000317a0000,0x00000000318a0000)]
  0x00000000302bf000 JavaThread "ForkJoinPool.commonPool-worker-2" daemon [_thread_blocked, id=10020, stack(0x00000000316a0000,0x00000000317a0000)]
  0x00000000302b8800 JavaThread "ForkJoinPool.commonPool-worker-1" daemon [_thread_blocked, id=10060, stack(0x00000000315a0000,0x00000000316a0000)]
  0x00000000302b3000 JavaThread "Cache worker for Java compile cache (C:\Users\jakov\AndroidStudioProjects\Cloudy\.gradle\6.1.1\javaCompile)" [_thread_blocked, id=2724, stack(0x0000000030e60000,0x0000000030f60000)]
  0x00000000302b7000 JavaThread "Cache worker for Java compile cache (C:\Users\jakov\.gradle\caches\6.1.1\javaCompile)" [_thread_blocked, id=9704, stack(0x0000000030d60000,0x0000000030e60000)]
  0x000000001ca8a000 JavaThread "RMI TCP Connection(idle)" daemon [_thread_blocked, id=10780, stack(0x000000002f790000,0x000000002f890000)]
  0x000000001ca85800 JavaThread "WorkerExecutor Queue Thread 2" [_thread_blocked, id=5564, stack(0x0000000028500000,0x0000000028600000)]
  0x000000001ca8a800 JavaThread "RMI TCP Connection(idle)" daemon [_thread_blocked, id=3632, stack(0x0000000028400000,0x0000000028500000)]
  0x000000001ca86000 JavaThread "RMI Reaper" [_thread_blocked, id=1048, stack(0x0000000028300000,0x0000000028400000)]
  0x000000001ca7d000 JavaThread "RMI TCP Accept-0" daemon [_thread_in_native, id=10032, stack(0x0000000028200000,0x0000000028300000)]
  0x000000001ca84000 JavaThread "GC Daemon" daemon [_thread_blocked, id=8520, stack(0x0000000028100000,0x0000000028200000)]
  0x000000001ca83000 JavaThread "RMI Scheduler(0)" daemon [_thread_blocked, id=9736, stack(0x0000000027f00000,0x0000000028000000)]
  0x000000001ca81800 JavaThread "Cache worker for execution history cache (C:\Users\jakov\AndroidStudioProjects\Cloudy\.gradle\6.1.1\executionHistory)" [_thread_blocked, id=11228, stack(0x0000000027800000,0x0000000027900000)]
  0x000000001ca80000 JavaThread "Execution worker for ':' Thread 7" [_thread_blocked, id=10528, stack(0x0000000027500000,0x0000000027600000)]
  0x000000001ca7e800 JavaThread "Execution worker for ':' Thread 6" [_thread_blocked, id=10532, stack(0x0000000027400000,0x0000000027500000)]
  0x000000001ca81000 JavaThread "Execution worker for ':' Thread 5" [_thread_blocked, id=1864, stack(0x0000000027300000,0x0000000027400000)]
  0x000000001ca7b800 JavaThread "Execution worker for ':' Thread 4" [_thread_blocked, id=4676, stack(0x0000000027200000,0x0000000027300000)]
  0x000000001c741000 JavaThread "Execution worker for ':' Thread 3" [_thread_blocked, id=10100, stack(0x0000000027100000,0x0000000027200000)]
  0x000000001c740800 JavaThread "Execution worker for ':' Thread 2" [_thread_blocked, id=10352, stack(0x0000000027000000,0x0000000027100000)]
  0x000000001c73e000 JavaThread "Execution worker for ':'" [_thread_blocked, id=7520, stack(0x0000000025af0000,0x0000000025bf0000)]
  0x000000001c73f800 JavaThread "Cache worker for file content cache (C:\Users\jakov\AndroidStudioProjects\Cloudy\.gradle\6.1.1\fileContent)" [_thread_blocked, id=7436, stack(0x00000000259f0000,0x0000000025af0000)]
  0x000000001c73d800 JavaThread "Cache worker for file content cache (C:\Users\jakov\.gradle\caches\6.1.1\fileContent)" [_thread_blocked, id=5556, stack(0x00000000258f0000,0x00000000259f0000)]
  0x000000001c73c800 JavaThread "Memory manager" [_thread_blocked, id=3288, stack(0x00000000255f0000,0x00000000256f0000)]
  0x000000001c73f000 JavaThread "Cache worker for Build Output Cleanup Cache (C:\Users\jakov\AndroidStudioProjects\Cloudy\.gradle\buildOutputCleanup)" [_thread_blocked, id=6732, stack(0x0000000023920000,0x0000000023a20000)]
  0x000000001c735000 JavaThread "Build operations Thread 8" [_thread_blocked, id=5068, stack(0x0000000023220000,0x0000000023320000)]
  0x000000001c73c000 JavaThread "Build operations Thread 7" [_thread_blocked, id=9304, stack(0x0000000023120000,0x0000000023220000)]
  0x000000001c739000 JavaThread "Build operations Thread 6" [_thread_blocked, id=6944, stack(0x0000000023020000,0x0000000023120000)]
  0x000000001c738000 JavaThread "Build operations Thread 5" [_thread_blocked, id=8276, stack(0x0000000022f20000,0x0000000023020000)]
  0x000000001c734800 JavaThread "Build operations Thread 4" [_thread_blocked, id=6448, stack(0x0000000022e20000,0x0000000022f20000)]
  0x000000001c73b000 JavaThread "Build operations Thread 3" [_thread_blocked, id=10876, stack(0x0000000022d20000,0x0000000022e20000)]
  0x000000001c73a800 JavaThread "Build operations Thread 2" [_thread_blocked, id=10728, stack(0x0000000022c20000,0x0000000022d20000)]
  0x000000001c736000 JavaThread "Build operations" [_thread_blocked, id=10512, stack(0x0000000022b20000,0x0000000022c20000)]
  0x00000000194f2800 JavaThread "Cache worker for execution history cache (C:\Users\jakov\.gradle\caches\6.1.1\executionHistory)" [_thread_blocked, id=1248, stack(0x0000000020e50000,0x0000000020f50000)]
  0x00000000194f1800 JavaThread "Cache worker for cache directory md-rule (C:\Users\jakov\.gradle\caches\6.1.1\md-rule)" [_thread_blocked, id=9780, stack(0x0000000020d50000,0x0000000020e50000)]
  0x00000000194f8000 JavaThread "Cache worker for cache directory md-supplier (C:\Users\jakov\.gradle\caches\6.1.1\md-supplier)" [_thread_blocked, id=2376, stack(0x0000000020c50000,0x0000000020d50000)]
  0x00000000194f6800 JavaThread "Cache worker for file hash cache (C:\Users\jakov\AndroidStudioProjects\Cloudy\.gradle\6.1.1\fileHashes)" [_thread_blocked, id=2704, stack(0x0000000020950000,0x0000000020a50000)]
  0x00000000194f1000 JavaThread "Cache worker for checksums cache (C:\Users\jakov\AndroidStudioProjects\Cloudy\.gradle\checksums)" [_thread_blocked, id=4600, stack(0x0000000020850000,0x0000000020950000)]
  0x00000000194f5800 JavaThread "Cache worker for file hash cache (C:\Users\jakov\.gradle\caches\6.1.1\fileHashes)" [_thread_blocked, id=6580, stack(0x000000001e2f0000,0x000000001e3f0000)]
  0x00000000194f7000 JavaThread "File lock request listener" [_thread_in_native, id=8960, stack(0x000000001e1f0000,0x000000001e2f0000)]
  0x000000001bef1000 JavaThread "Cache worker for journal cache (C:\Users\jakov\.gradle\caches\journal-1)" [_thread_blocked, id=11152, stack(0x000000001e0f0000,0x000000001e1f0000)]
  0x000000001be08000 JavaThread "Thread-9" [_thread_blocked, id=496, stack(0x000000001ddf0000,0x000000001def0000)]
  0x000000001be03800 JavaThread "Stdin handler" [_thread_blocked, id=4356, stack(0x000000001dcf0000,0x000000001ddf0000)]
  0x000000001be02800 JavaThread "Asynchronous log dispatcher for DefaultDaemonConnection: socket connection from /127.0.0.1:54148 to /127.0.0.1:54149" [_thread_blocked, id=8464, stack(0x000000001daf0000,0x000000001dbf0000)]
  0x000000001be0a800 JavaThread "Daemon worker" [_thread_in_Java, id=6972, stack(0x000000001d9f0000,0x000000001daf0000)]
  0x000000001bde4000 JavaThread "Cancel handler" [_thread_blocked, id=1412, stack(0x000000001d8f0000,0x000000001d9f0000)]
  0x000000001a7e0800 JavaThread "Handler for socket connection from /127.0.0.1:54148 to /127.0.0.1:54149" [_thread_in_native, id=8676, stack(0x000000001d5f0000,0x000000001d6f0000)]
  0x000000001a7dc800 JavaThread "Daemon" [_thread_blocked, id=1260, stack(0x000000001d4f0000,0x000000001d5f0000)]
  0x000000001a6fd000 JavaThread "Daemon periodic checks" [_thread_blocked, id=2916, stack(0x000000001d3f0000,0x000000001d4f0000)]
  0x000000001a686800 JavaThread "Incoming local TCP Connector on port 54148" [_thread_in_native, id=10724, stack(0x000000001d1a0000,0x000000001d2a0000)]
  0x000000001a4a7000 JavaThread "Daemon health stats" [_thread_blocked, id=2280, stack(0x000000001cb60000,0x000000001cc60000)]
  0x0000000019588800 JavaThread "Service Thread" daemon [_thread_blocked, id=6376, stack(0x000000001a1c0000,0x000000001a2c0000)]
  0x00000000194f5000 JavaThread "C1 CompilerThread3" daemon [_thread_in_native, id=2460, stack(0x000000001a0c0000,0x000000001a1c0000)]
=>0x00000000194f3800 JavaThread "C2 CompilerThread2" daemon [_thread_in_native, id=10480, stack(0x0000000019fc0000,0x000000001a0c0000)]
  0x00000000194e8800 JavaThread "C2 CompilerThread1" daemon [_thread_in_native, id=4868, stack(0x0000000019ec0000,0x0000000019fc0000)]
  0x00000000194e0800 JavaThread "C2 CompilerThread0" daemon [_thread_in_native, id=3000, stack(0x0000000019dc0000,0x0000000019ec0000)]
  0x00000000194df800 JavaThread "Attach Listener" daemon [_thread_blocked, id=4936, stack(0x0000000019cc0000,0x0000000019dc0000)]
  0x00000000194de000 JavaThread "Signal Dispatcher" daemon [_thread_blocked, id=10096, stack(0x0000000019bc0000,0x0000000019cc0000)]
  0x00000000194d0800 JavaThread "Finalizer" daemon [_thread_blocked, id=5660, stack(0x00000000199b0000,0x0000000019ab0000)]
  0x0000000002678800 JavaThread "Reference Handler" daemon [_thread_blocked, id=9484, stack(0x00000000198b0000,0x00000000199b0000)]
  0x000000000257e800 JavaThread "main" [_thread_blocked, id=10608, stack(0x0000000002420000,0x0000000002520000)]

Other Threads:
  0x00000000176e7000 VMThread [stack: 0x00000000193b0000,0x00000000194b0000] [id=7860]
  0x000000001955e000 WatcherThread [stack: 0x000000001a2c0000,0x000000001a3c0000] [id=9356]

VM state:not at safepoint (normal execution)

VM Mutex/Monitor currently owned by a thread: None

heap address: 0x0000000080000000, size: 2048 MB, Compressed Oops mode: 32-bit
Narrow klass base: 0x0000000000000000, Narrow klass shift: 3
Compressed class space size: 1073741824 Address: 0x0000000100000000

Heap:
 PSYoungGen      total 477696K, used 67890K [0x00000000d5580000, 0x00000000f4f80000, 0x0000000100000000)
  eden space 437248K, 15% used [0x00000000d5580000,0x00000000d97cc948,0x00000000f0080000)
  from space 40448K, 0% used [0x00000000f0080000,0x00000000f0080000,0x00000000f2800000)
  to   space 38400K, 0% used [0x00000000f2a00000,0x00000000f2a00000,0x00000000f4f80000)
 ParOldGen       total 145408K, used 141777K [0x0000000080000000, 0x0000000088e00000, 0x00000000d5580000)
  object space 145408K, 97% used [0x0000000080000000,0x0000000088a74730,0x0000000088e00000)
 Metaspace       used 92323K, capacity 96600K, committed 98328K, reserved 1134592K
  class space    used 12106K, capacity 12901K, committed 13360K, reserved 1048576K

Card table byte_map: [0x0000000011a40000,0x0000000011e50000] byte_map_base: 0x0000000011640000

Marking Bits: (ParMarkBitMap*) 0x000000006c7cf030
 Begin Bits: [0x0000000012900000, 0x0000000014900000)
 End Bits:   [0x0000000014900000, 0x0000000016900000)

Polling page: 0x0000000000d00000

CodeCache: size=245760Kb used=49392Kb max_used=49392Kb free=196367Kb
 bounds [0x0000000002680000, 0x0000000005710000, 0x0000000011680000]
 total_blobs=15581 nmethods=14698 adapters=794
 compilation: enabled

Compilation events (10 events):
Event: 62.035 Thread 0x00000000194f5000 nmethod 18167 0x0000000004108a10 code [0x0000000004108b80, 0x0000000004108dc8]
Event: 62.035 Thread 0x00000000194f5000 18171       2       kotlin.reflect.jvm.internal.impl.load.java.lazy.descriptors.JvmPackageScope::getContributedClassifier (150 bytes)
Event: 62.037 Thread 0x00000000194f5000 nmethod 18171 0x00000000053a1490 code [0x00000000053a1700, 0x00000000053a1e38]
Event: 62.037 Thread 0x00000000194f5000 18172       2       kotlin.reflect.jvm.internal.impl.load.java.lazy.descriptors.JvmPackageScope::recordLookup (35 bytes)
Event: 62.038 Thread 0x00000000194f5000 nmethod 18172 0x0000000004108510 code [0x00000000041086a0, 0x00000000041088a8]
Event: 62.038 Thread 0x00000000194f5000 18168       2       kotlin.reflect.jvm.internal.impl.resolve.scopes.AbstractScopeAdapter::getContributedClassifier (24 bytes)
Event: 62.039 Thread 0x00000000194f5000 nmethod 18168 0x00000000053a0fd0 code [0x00000000053a1160, 0x00000000053a1378]
Event: 62.039 Thread 0x00000000194f5000 18169       2       kotlin.reflect.jvm.internal.impl.resolve.scopes.LazyScopeAdapter::getWorkerScope (13 bytes)
Event: 62.039 Thread 0x00000000194f5000 nmethod 18169 0x00000000053a0bd0 code [0x00000000053a0d40, 0x00000000053a0f08]
Event: 62.039 Thread 0x00000000194f5000 18174       2       kotlin.reflect.jvm.internal.impl.load.java.lazy.descriptors.LazyJavaPackageScope::findClassifier (67 bytes)

GC Heap History (10 events):
Event: 55.013 GC heap before
{Heap before GC invocations=37 (full 6):
 PSYoungGen      total 475648K, used 462438K [0x00000000d5580000, 0x00000000f4f80000, 0x0000000100000000)
  eden space 437248K, 100% used [0x00000000d5580000,0x00000000f0080000,0x00000000f0080000)
  from space 38400K, 65% used [0x00000000f2a00000,0x00000000f4299a48,0x00000000f4f80000)
  to   space 40448K, 0% used [0x00000000f0080000,0x00000000f0080000,0x00000000f2800000)
 ParOldGen       total 129024K, used 88617K [0x0000000080000000, 0x0000000087e00000, 0x00000000d5580000)
  object space 129024K, 68% used [0x0000000080000000,0x000000008568a6c0,0x0000000087e00000)
 Metaspace       used 91407K, capacity 95500K, committed 97432K, reserved 1134592K
  class space    used 12035K, capacity 12807K, committed 13232K, reserved 1048576K
Event: 55.051 GC heap after
Heap after GC invocations=37 (full 6):
 PSYoungGen      total 477696K, used 28469K [0x00000000d5580000, 0x00000000f4f80000, 0x0000000100000000)
  eden space 437248K, 0% used [0x00000000d5580000,0x00000000d5580000,0x00000000f0080000)
  from space 40448K, 70% used [0x00000000f0080000,0x00000000f1c4d698,0x00000000f2800000)
  to   space 38400K, 0% used [0x00000000f2a00000,0x00000000f2a00000,0x00000000f4f80000)
 ParOldGen       total 129024K, used 88625K [0x0000000080000000, 0x0000000087e00000, 0x00000000d5580000)
  object space 129024K, 68% used [0x0000000080000000,0x000000008568c6c0,0x0000000087e00000)
 Metaspace       used 91407K, capacity 95500K, committed 97432K, reserved 1134592K
  class space    used 12035K, capacity 12807K, committed 13232K, reserved 1048576K
}
Event: 55.795 GC heap before
{Heap before GC invocations=38 (full 6):
 PSYoungGen      total 477696K, used 465717K [0x00000000d5580000, 0x00000000f4f80000, 0x0000000100000000)
  eden space 437248K, 100% used [0x00000000d5580000,0x00000000f0080000,0x00000000f0080000)
  from space 40448K, 70% used [0x00000000f0080000,0x00000000f1c4d698,0x00000000f2800000)
  to   space 38400K, 0% used [0x00000000f2a00000,0x00000000f2a00000,0x00000000f4f80000)
 ParOldGen       total 129024K, used 88625K [0x0000000080000000, 0x0000000087e00000, 0x00000000d5580000)
  object space 129024K, 68% used [0x0000000080000000,0x000000008568c6c0,0x0000000087e00000)
 Metaspace       used 91476K, capacity 95572K, committed 97432K, reserved 1134592K
  class space    used 12037K, capacity 12809K, committed 13232K, reserved 1048576K
Event: 55.826 GC heap after
Heap after GC invocations=38 (full 6):
 PSYoungGen      total 475648K, used 29928K [0x00000000d5580000, 0x00000000f4f80000, 0x0000000100000000)
  eden space 437248K, 0% used [0x00000000d5580000,0x00000000d5580000,0x00000000f0080000)
  from space 38400K, 77% used [0x00000000f2a00000,0x00000000f473a128,0x00000000f4f80000)
  to   space 40448K, 0% used [0x00000000f0080000,0x00000000f0080000,0x00000000f2800000)
 ParOldGen       total 129024K, used 88633K [0x0000000080000000, 0x0000000087e00000, 0x00000000d5580000)
  object space 129024K, 68% used [0x0000000080000000,0x000000008568e6c0,0x0000000087e00000)
 Metaspace       used 91476K, capacity 95572K, committed 97432K, reserved 1134592K
  class space    used 12037K, capacity 12809K, committed 13232K, reserved 1048576K
}
Event: 57.126 GC heap before
{Heap before GC invocations=39 (full 6):
 PSYoungGen      total 475648K, used 467176K [0x00000000d5580000, 0x00000000f4f80000, 0x0000000100000000)
  eden space 437248K, 100% used [0x00000000d5580000,0x00000000f0080000,0x00000000f0080000)
  from space 38400K, 77% used [0x00000000f2a00000,0x00000000f473a128,0x00000000f4f80000)
  to   space 40448K, 0% used [0x00000000f0080000,0x00000000f0080000,0x00000000f2800000)
 ParOldGen       total 129024K, used 88633K [0x0000000080000000, 0x0000000087e00000, 0x00000000d5580000)
  object space 129024K, 68% used [0x0000000080000000,0x000000008568e6c0,0x0000000087e00000)
 Metaspace       used 91972K, capacity 96264K, committed 98072K, reserved 1134592K
  class space    used 12103K, capacity 12917K, committed 13360K, reserved 1048576K
Event: 57.158 GC heap after
Heap after GC invocations=39 (full 6):
 PSYoungGen      total 477696K, used 24575K [0x00000000d5580000, 0x00000000f4f80000, 0x0000000100000000)
  eden space 437248K, 0% used [0x00000000d5580000,0x00000000d5580000,0x00000000f0080000)
  from space 40448K, 60% used [0x00000000f0080000,0x00000000f187fd98,0x00000000f2800000)
  to   space 38400K, 0% used [0x00000000f2a00000,0x00000000f2a00000,0x00000000f4f80000)
 ParOldGen       total 129024K, used 88641K [0x0000000080000000, 0x0000000087e00000, 0x00000000d5580000)
  object space 129024K, 68% used [0x0000000080000000,0x00000000856906c0,0x0000000087e00000)
 Metaspace       used 91972K, capacity 96264K, committed 98072K, reserved 1134592K
  class space    used 12103K, capacity 12917K, committed 13360K, reserved 1048576K
}
Event: 60.332 GC heap before
{Heap before GC invocations=40 (full 6):
 PSYoungGen      total 477696K, used 461823K [0x00000000d5580000, 0x00000000f4f80000, 0x0000000100000000)
  eden space 437248K, 100% used [0x00000000d5580000,0x00000000f0080000,0x00000000f0080000)
  from space 40448K, 60% used [0x00000000f0080000,0x00000000f187fd98,0x00000000f2800000)
  to   space 38400K, 0% used [0x00000000f2a00000,0x00000000f2a00000,0x00000000f4f80000)
 ParOldGen       total 129024K, used 88641K [0x0000000080000000, 0x0000000087e00000, 0x00000000d5580000)
  object space 129024K, 68% used [0x0000000080000000,0x00000000856906c0,0x0000000087e00000)
 Metaspace       used 92168K, capacity 96418K, committed 98072K, reserved 1134592K
  class space    used 12105K, capacity 12918K, committed 13360K, reserved 1048576K
Event: 60.536 GC heap after
Heap after GC invocations=40 (full 6):
 PSYoungGen      total 477696K, used 461823K [0x00000000d5580000, 0x00000000f4f80000, 0x0000000100000000)
  eden space 437248K, 100% used [0x00000000d5580000,0x00000000f0080000,0x00000000f0080000)
  from space 40448K, 60% used [0x00000000f0080000,0x00000000f187fd98,0x00000000f2800000)
  to   space 38400K, 99% used [0x00000000f2a00000,0x00000000f4f7ecf0,0x00000000f4f80000)
 ParOldGen       total 145408K, used 145400K [0x0000000080000000, 0x0000000088e00000, 0x00000000d5580000)
  object space 145408K, 99% used [0x0000000080000000,0x0000000088dfe218,0x0000000088e00000)
 Metaspace       used 92168K, capacity 96418K, committed 98072K, reserved 1134592K
  class space    used 12105K, capacity 12918K, committed 13360K, reserved 1048576K
}
Event: 60.536 GC heap before
{Heap before GC invocations=41 (full 7):
 PSYoungGen      total 477696K, used 461823K [0x00000000d5580000, 0x00000000f4f80000, 0x0000000100000000)
  eden space 437248K, 100% used [0x00000000d5580000,0x00000000f0080000,0x00000000f0080000)
  from space 40448K, 60% used [0x00000000f0080000,0x00000000f187fd98,0x00000000f2800000)
  to   space 38400K, 99% used [0x00000000f2a00000,0x00000000f4f7ecf0,0x00000000f4f80000)
 ParOldGen       total 145408K, used 145400K [0x0000000080000000, 0x0000000088e00000, 0x00000000d5580000)
  object space 145408K, 99% used [0x0000000080000000,0x0000000088dfe218,0x0000000088e00000)
 Metaspace       used 92168K, capacity 96418K, committed 98072K, reserved 1134592K
  class space    used 12105K, capacity 12918K, committed 13360K, reserved 1048576K
Event: 61.087 GC heap after
Heap after GC invocations=41 (full 7):
 PSYoungGen      total 477696K, used 0K [0x00000000d5580000, 0x00000000f4f80000, 0x0000000100000000)
  eden space 437248K, 0% used [0x00000000d5580000,0x00000000d5580000,0x00000000f0080000)
  from space 40448K, 0% used [0x00000000f0080000,0x00000000f0080000,0x00000000f2800000)
  to   space 38400K, 0% used [0x00000000f2a00000,0x00000000f2a00000,0x00000000f4f80000)
 ParOldGen       total 145408K, used 141777K [0x0000000080000000, 0x0000000088e00000, 0x00000000d5580000)
  object space 145408K, 97% used [0x0000000080000000,0x0000000088a74730,0x0000000088e00000)
 Metaspace       used 92135K, capacity 96336K, committed 98072K, reserved 1134592K
  class space    used 12095K, capacity 12899K, committed 13360K, reserved 1048576K
}

Deoptimization events (10 events):
Event: 56.220 Thread 0x0000000024d13800 Uncommon trap: reason=unstable_if action=reinterpret pc=0x000000000308183c method=java.util.Arrays.hashCode([Ljava/lang/Object;)I @ 1
Event: 56.536 Thread 0x000000001ca7e800 Uncommon trap: reason=unstable_if action=reinterpret pc=0x0000000002b8ffb4 method=java.util.HashMap.containsValue(Ljava/lang/Object;)Z @ 6
Event: 56.836 Thread 0x000000001be0a800 Uncommon trap: reason=unstable_if action=reinterpret pc=0x0000000004ffa270 method=com.android.tools.r8.ir.regalloc.a.a(Lcom/android/tools/r8/u/b/W;Lcom/android/tools/r8/s/a/a/b/W;Ljava/util/List;Lcom/android/tools/r8/ir/regalloc/e;Ljava/util/Map;)V @ 1569
Event: 57.158 Thread 0x0000000002678800 Uncommon trap: reason=unstable_if action=reinterpret pc=0x000000000297ac7c method=java.lang.ref.Reference.tryHandlePending(Z)Z @ 20
Event: 57.284 Thread 0x000000001be0a800 Uncommon trap: reason=bimorphic action=maybe_recompile pc=0x000000000466aa2c method=com.android.tools.r8.ir.optimize.l.o(Lcom/android/tools/r8/u/b/W;)V @ 237
Event: 61.885 Thread 0x000000001be0a800 Uncommon trap: reason=class_check action=maybe_recompile pc=0x0000000004eaf604 method=java.util.stream.Sink$ChainedReference.<init>(Ljava/util/stream/Sink;)V @ 9
Event: 61.885 Thread 0x000000001be0a800 Uncommon trap: reason=class_check action=maybe_recompile pc=0x0000000004eaf604 method=java.util.stream.Sink$ChainedReference.<init>(Ljava/util/stream/Sink;)V @ 9
Event: 61.885 Thread 0x000000001be0a800 Uncommon trap: reason=class_check action=maybe_recompile pc=0x0000000004eaf604 method=java.util.stream.Sink$ChainedReference.<init>(Ljava/util/stream/Sink;)V @ 9
Event: 61.885 Thread 0x000000001be0a800 Uncommon trap: reason=class_check action=maybe_recompile pc=0x0000000004eaf604 method=java.util.stream.Sink$ChainedReference.<init>(Ljava/util/stream/Sink;)V @ 9
Event: 61.906 Thread 0x000000001be0a800 Uncommon trap: reason=unstable_if action=reinterpret pc=0x0000000003fe2e10 method=org.gradle.internal.snapshot.VfsRelativePath.lengthOfCommonPrefix(Ljava/lang/String;Lorg/gradle/internal/snapshot/CaseSensitivity;)I @ 117

Classes redefined (0 events):
No events

Internal exceptions (10 events):
Event: 55.646 Thread 0x000000001ca80000 Exception <a 'sun/nio/fs/WindowsException'> (0x00000000eab623d8) thrown at [C:\src\AOSP-openjdk-git\hotspot\src\share\vm\prims\jni.cpp, line 710]
Event: 56.036 Thread 0x0000000024d0e800 Exception <a 'sun/nio/fs/WindowsException'> (0x00000000da2cea20) thrown at [C:\src\AOSP-openjdk-git\hotspot\src\share\vm\prims\jni.cpp, line 710]
Event: 56.220 Thread 0x0000000024d13800 Implicit null exception at 0x000000000308172f to 0x000000000308182d
Event: 56.536 Thread 0x000000001ca7e800 Implicit null exception at 0x0000000002b8fe17 to 0x0000000002b8ffa1
Event: 56.703 Thread 0x0000000024d19800 Exception <a 'sun/nio/fs/WindowsException'> (0x00000000e77f6b98) thrown at [C:\src\AOSP-openjdk-git\hotspot\src\share\vm\prims\jni.cpp, line 710]
Event: 56.852 Thread 0x000000001c741000 Exception <a 'sun/nio/fs/WindowsException'> (0x00000000eac8cce8) thrown at [C:\src\AOSP-openjdk-git\hotspot\src\share\vm\prims\jni.cpp, line 710]
Event: 56.999 Thread 0x000000001c740800 Exception <a 'sun/nio/fs/WindowsException'> (0x00000000ee0d0918) thrown at [C:\src\AOSP-openjdk-git\hotspot\src\share\vm\prims\jni.cpp, line 710]
Event: 58.106 Thread 0x000000001be0a800 Exception <a 'sun/nio/fs/WindowsException'> (0x00000000deb30008) thrown at [C:\src\AOSP-openjdk-git\hotspot\src\share\vm\prims\jni.cpp, line 710]
Event: 58.196 Thread 0x000000001ca85800 Exception <a 'sun/nio/fs/WindowsException'> (0x00000000df660148) thrown at [C:\src\AOSP-openjdk-git\hotspot\src\share\vm\prims\jni.cpp, line 710]
Event: 61.803 Thread 0x0000000024d17800 Exception <a 'sun/nio/fs/WindowsException'> (0x00000000d89aa500) thrown at [C:\src\AOSP-openjdk-git\hotspot\src\share\vm\prims\jni.cpp, line 710]

Events (10 events):
Event: 61.938 loading class sun/reflect/UnsafeQualifiedIntegerFieldAccessorImpl
Event: 61.939 loading class sun/reflect/UnsafeQualifiedIntegerFieldAccessorImpl done
Event: 61.939 loading class com/android/build/gradle/internal/api/artifact/ArtifactTypeUtils
Event: 61.939 loading class com/android/build/gradle/internal/api/artifact/ArtifactTypeUtils done
Event: 61.942 loading class kotlin/reflect/jvm/internal/pcollections/ConsPStack$Itr
Event: 61.942 loading class kotlin/reflect/jvm/internal/pcollections/ConsPStack$Itr done
Event: 62.017 loading class com/android/build/gradle/internal/scope/InternalArtifactType$ASSET_PACK_MANIFESTS
Event: 62.017 loading class com/android/build/gradle/internal/scope/InternalArtifactType$ASSET_PACK_MANIFESTS done
Event: 62.019 loading class com/android/build/gradle/internal/scope/InternalArtifactType$LINKED_RES_FOR_ASSET_PACK
Event: 62.019 loading class com/android/build/gradle/internal/scope/InternalArtifactType$LINKED_RES_FOR_ASSET_PACK done


Dynamic libraries:
0x00007ff6416e0000 - 0x00007ff641711000 	C:\Program Files\Android\Android Studio\jre\bin\java.exe
0x00007ffec2640000 - 0x00007ffec2830000 	C:\WINDOWS\SYSTEM32\ntdll.dll
0x00007ffec0e80000 - 0x00007ffec0f32000 	C:\WINDOWS\System32\KERNEL32.DLL
0x00007ffebf790000 - 0x00007ffebfa34000 	C:\WINDOWS\System32\KERNELBASE.dll
0x00007ffec1cb0000 - 0x00007ffec1d53000 	C:\WINDOWS\System32\ADVAPI32.dll
0x00007ffec1a70000 - 0x00007ffec1b0e000 	C:\WINDOWS\System32\msvcrt.dll
0x00007ffec19d0000 - 0x00007ffec1a67000 	C:\WINDOWS\System32\sechost.dll
0x00007ffec2390000 - 0x00007ffec24b0000 	C:\WINDOWS\System32\RPCRT4.dll
0x00007ffec0c60000 - 0x00007ffec0df4000 	C:\WINDOWS\System32\USER32.dll
0x00007ffec03d0000 - 0x00007ffec03f1000 	C:\WINDOWS\System32\win32u.dll
0x00007ffec1140000 - 0x00007ffec1166000 	C:\WINDOWS\System32\GDI32.dll
0x00007ffebf5f0000 - 0x00007ffebf785000 	C:\WINDOWS\System32\gdi32full.dll
0x00007ffec0400000 - 0x00007ffec049e000 	C:\WINDOWS\System32\msvcp_win.dll
0x00007ffec01c0000 - 0x00007ffec02ba000 	C:\WINDOWS\System32\ucrtbase.dll
0x00007ffeb68b0000 - 0x00007ffeb6b34000 	C:\WINDOWS\WinSxS\amd64_microsoft.windows.common-controls_6595b64144ccf1df_6.0.18362.900_none_e6beb9d913147d17\COMCTL32.dll
0x00007ffec08a0000 - 0x00007ffec0bd5000 	C:\WINDOWS\System32\combase.dll
0x00007ffec0670000 - 0x00007ffec06f0000 	C:\WINDOWS\System32\bcryptPrimitives.dll
0x00007ffec1230000 - 0x00007ffec125e000 	C:\WINDOWS\System32\IMM32.DLL
0x000000006bf20000 - 0x000000006bff2000 	C:\Program Files\Android\Android Studio\jre\jre\bin\msvcr100.dll
0x000000006c000000 - 0x000000006c84b000 	C:\Program Files\Android\Android Studio\jre\jre\bin\server\jvm.dll
0x00007ffec19c0000 - 0x00007ffec19c8000 	C:\WINDOWS\System32\PSAPI.DLL
0x00007ffeb5e00000 - 0x00007ffeb5e09000 	C:\WINDOWS\SYSTEM32\WSOCK32.dll
0x00007ffebd020000 - 0x00007ffebd044000 	C:\WINDOWS\SYSTEM32\WINMM.dll
0x00007ffeb8d00000 - 0x00007ffeb8d0a000 	C:\WINDOWS\SYSTEM32\VERSION.dll
0x00007ffec1c40000 - 0x00007ffec1caf000 	C:\WINDOWS\System32\WS2_32.dll
0x00007ffebcff0000 - 0x00007ffebd01d000 	C:\WINDOWS\SYSTEM32\winmmbase.dll
0x00007ffec04a0000 - 0x00007ffec04ea000 	C:\WINDOWS\System32\cfgmgr32.dll
0x00007ffeb54b0000 - 0x00007ffeb54bf000 	C:\Program Files\Android\Android Studio\jre\jre\bin\verify.dll
0x00007ffea9dc0000 - 0x00007ffea9de9000 	C:\Program Files\Android\Android Studio\jre\jre\bin\java.dll
0x00007ffeb1690000 - 0x00007ffeb16a6000 	C:\Program Files\Android\Android Studio\jre\jre\bin\zip.dll
0x00007ffec12d0000 - 0x00007ffec19b6000 	C:\WINDOWS\System32\SHELL32.dll
0x00007ffec1090000 - 0x00007ffec1139000 	C:\WINDOWS\System32\shcore.dll
0x00007ffebfa40000 - 0x00007ffec01c0000 	C:\WINDOWS\System32\windows.storage.dll
0x00007ffebf5a0000 - 0x00007ffebf5c3000 	C:\WINDOWS\System32\profapi.dll
0x00007ffebf530000 - 0x00007ffebf57a000 	C:\WINDOWS\System32\powrprof.dll
0x00007ffebf500000 - 0x00007ffebf510000 	C:\WINDOWS\System32\UMPDC.dll
0x00007ffec1be0000 - 0x00007ffec1c32000 	C:\WINDOWS\System32\shlwapi.dll
0x00007ffebf510000 - 0x00007ffebf521000 	C:\WINDOWS\System32\kernel.appcore.dll
0x00007ffebf5d0000 - 0x00007ffebf5e7000 	C:\WINDOWS\System32\cryptsp.dll
0x00007ffea8fa0000 - 0x00007ffea8fba000 	C:\Program Files\Android\Android Studio\jre\jre\bin\net.dll
0x00007ffebed10000 - 0x00007ffebed77000 	C:\WINDOWS\system32\mswsock.dll
0x00007ffea8f80000 - 0x00007ffea8f93000 	C:\Program Files\Android\Android Studio\jre\jre\bin\nio.dll
0x00007ffe9a950000 - 0x00007ffe9a976000 	C:\Users\jakov\.gradle\native\31\windows-amd64\native-platform.dll
0x00007ffeb54a0000 - 0x00007ffeb54ad000 	C:\Program Files\Android\Android Studio\jre\jre\bin\management.dll
0x00007ffebe880000 - 0x00007ffebe8b3000 	C:\WINDOWS\system32\rsaenh.dll
0x00007ffec04f0000 - 0x00007ffec0516000 	C:\WINDOWS\System32\bcrypt.dll
0x00007ffebf420000 - 0x00007ffebf445000 	C:\WINDOWS\SYSTEM32\USERENV.dll
0x00007ffebeee0000 - 0x00007ffebeeec000 	C:\WINDOWS\SYSTEM32\CRYPTBASE.dll
0x00007ffebea20000 - 0x00007ffebea5a000 	C:\WINDOWS\SYSTEM32\IPHLPAPI.DLL
0x00007ffec24b0000 - 0x00007ffec24b8000 	C:\WINDOWS\System32\NSI.dll
0x00007ffeb7600000 - 0x00007ffeb7616000 	C:\WINDOWS\SYSTEM32\dhcpcsvc6.DLL
0x00007ffeb75e0000 - 0x00007ffeb75fc000 	C:\WINDOWS\SYSTEM32\dhcpcsvc.DLL
0x00007ffebea60000 - 0x00007ffebeb2b000 	C:\WINDOWS\SYSTEM32\DNSAPI.dll

VM Arguments:
jvm_args: -Xmx2048m -Dfile.encoding=windows-1251 -Duser.country=RU -Duser.language=ru -Duser.variant 
java_command: org.gradle.launcher.daemon.bootstrap.GradleDaemon 6.1.1
java_class_path (initial): C:\Users\jakov\.gradle\wrapper\dists\gradle-6.1.1-all\cfmwm155h49vnt3hynmlrsdst\gradle-6.1.1\lib\gradle-launcher-6.1.1.jar
Launcher Type: SUN_STANDARD

Environment Variables:
PATH=C:\Program Files (x86)\Common Files\Oracle\Java\javapath;C:\ProgramData\Oracle\Java\javapath;C:\WINDOWS\system32;C:\WINDOWS;C:\WINDOWS\System32\Wbem;C:\WINDOWS\System32\WindowsPowerShell\v1.0\;C:\WINDOWS\System32\OpenSSH\;C:\Program Files\Common Files\Autodesk Shared\;C:\Program Files\Microsoft SQL Server\120\Tools\Binn\;C:\Go\bin;C:\Program Files\Git\cmd;%QUARTUS_ROOTDIR%\bin;C:\Program Files\nodejs\;C:\sqlite;C:\cygwin64\bin;C:\Users\jakov\AppData\Local\Microsoft\WindowsApps;C:\Program Files\JetBrains\IntelliJ IDEA Community Edition 2019.2.1\bin;C:\Users\jakov\go\bin;C:\Program Files\JetBrains\GoLand 2019.2.3\bin;C:\Users\jakov\AppData\Roaming\npm;C:\Users\jakov\AppData\Local\atom\bin;C:\Users\jakov\AppData\Local\Programs\Microsoft VS Code\bin
USERNAME=jakov
OS=Windows_NT
PROCESSOR_IDENTIFIER=AMD64 Family 23 Model 24 Stepping 1, AuthenticAMD



---------------  S Y S T E M  ---------------

OS: Windows 10.0 , 64 bit Build 18362 (10.0.18362.900)

CPU:total 8 (initial active 8) (8 cores per cpu, 1 threads per core) family 23 model 24 stepping 1, cmov, cx8, fxsr, mmx, sse, sse2, sse3, ssse3, sse4.1, sse4.2, popcnt, avx, avx2, aes, clmul, mmxext, 3dnowpref, lzcnt, sse4a, tsc, tscinvbit, tscinv, bmi1

Memory: 4k page, physical 7277084k(634152k free), swap 9374236k(5872k free)

vm_info: OpenJDK 64-Bit Server VM (25.242-b01) for windows-amd64 JRE (1.8.0_242-release-1644-b01), built by "builder" with MS VC++ 10.0 (VS2010)

time: Mon Jun 22 02:01:50 2020
timezone: RTZ 2 (зима)
elapsed time: 62 seconds (0d 0h 1m 2s)

